<?xml version="1.0" encoding="UTF-8"?>
<testng-results skipped="0" failed="0" total="3" passed="3">
  <reporter-output>
  </reporter-output>
  <suite name="Default suite" duration-ms="20152" started-at="2019-03-14T17:18:23Z" finished-at="2019-03-14T17:18:43Z">
    <groups>
    </groups>
    <test name="Default test" duration-ms="20152" started-at="2019-03-14T17:18:23Z" finished-at="2019-03-14T17:18:43Z">
      <class name="GoogleTest">
        <test-method status="PASS" signature="setup()[pri:0, instance:GoogleTest@5419f379]" name="setup" is-config="true" duration-ms="7190" started-at="2019-03-14T12:18:23Z" finished-at="2019-03-14T12:18:30Z">
          <reporter-output>
          </reporter-output>
        </test-method> <!-- setup -->
        <test-method status="PASS" signature="googleLogoTest()[pri:0, instance:GoogleTest@5419f379]" name="googleLogoTest" duration-ms="65" started-at="2019-03-14T12:18:30Z" finished-at="2019-03-14T12:18:31Z">
          <reporter-output>
          </reporter-output>
        </test-method> <!-- googleLogoTest -->
        <test-method status="PASS" signature="tearDown()[pri:0, instance:GoogleTest@5419f379]" name="tearDown" is-config="true" duration-ms="804" started-at="2019-03-14T12:18:31Z" finished-at="2019-03-14T12:18:31Z">
          <reporter-output>
          </reporter-output>
        </test-method> <!-- tearDown -->
        <test-method status="PASS" signature="setup()[pri:0, instance:GoogleTest@5419f379]" name="setup" is-config="true" duration-ms="5108" started-at="2019-03-14T12:18:31Z" finished-at="2019-03-14T12:18:36Z">
          <reporter-output>
          </reporter-output>
        </test-method> <!-- setup -->
        <test-method status="PASS" signature="googleTitleTest()[pri:0, instance:GoogleTest@5419f379]" name="googleTitleTest" duration-ms="17" started-at="2019-03-14T12:18:36Z" finished-at="2019-03-14T12:18:36Z">
          <reporter-output>
          </reporter-output>
        </test-method> <!-- googleTitleTest -->
        <test-method status="PASS" signature="tearDown()[pri:0, instance:GoogleTest@5419f379]" name="tearDown" is-config="true" duration-ms="782" started-at="2019-03-14T12:18:36Z" finished-at="2019-03-14T12:18:37Z">
          <reporter-output>
          </reporter-output>
        </test-method> <!-- tearDown -->
        <test-method status="PASS" signature="setup()[pri:0, instance:GoogleTest@5419f379]" name="setup" is-config="true" duration-ms="5343" started-at="2019-03-14T12:18:37Z" finished-at="2019-03-14T12:18:43Z">
          <reporter-output>
          </reporter-output>
        </test-method> <!-- setup -->
        <test-method status="PASS" signature="mailLinkTest()[pri:0, instance:GoogleTest@5419f379]" name="mailLinkTest" duration-ms="68" started-at="2019-03-14T12:18:43Z" finished-at="2019-03-14T12:18:43Z">
          <reporter-output>
          </reporter-output>
        </test-method> <!-- mailLinkTest -->
        <test-method status="PASS" signature="tearDown()[pri:0, instance:GoogleTest@5419f379]" name="tearDown" is-config="true" duration-ms="740" started-at="2019-03-14T12:18:43Z" finished-at="2019-03-14T12:18:43Z">
          <reporter-output>
          </reporter-output>
        </test-method> <!-- tearDown -->
      </class> <!-- GoogleTest -->
    </test> <!-- Default test -->
  </suite> <!-- Default suite -->
</testng-results>
